<?xml version="1.0" encoding="UTF-8"?>
<testng-results ignored="0" total="5" passed="5" failed="0" skipped="0">
  <reporter-output>
  </reporter-output>
  <suite started-at="2024-11-20T19:28:38 IST" name="TestSuite" finished-at="2024-11-20T19:29:20 IST" duration-ms="42442">
    <groups>
      <group name="Master">
        <method signature="TC1_Registration.testUserRegistration()[pri:0, instance:testcases.TC1_Registration@29876704]" name="testUserRegistration" class="testcases.TC1_Registration"/>
        <method signature="TC2_Login.testLoginWithValidCredentials()[pri:0, instance:testcases.TC2_Login@2c95ac9e]" name="testLoginWithValidCredentials" class="testcases.TC2_Login"/>
        <method signature="TC3_Logout.testLogout()[pri:0, instance:testcases.TC3_Logout@4e4efc1b]" name="testLogout" class="testcases.TC3_Logout"/>
        <method signature="TC4_SearchProduct.testProductSearch()[pri:0, instance:testcases.TC4_SearchProduct@459f7aa3]" name="testProductSearch" class="testcases.TC4_SearchProduct"/>
        <method signature="TC5_AddToCart.testAddToCart()[pri:0, instance:testcases.TC5_AddToCart@7cc586a8]" name="testAddToCart" class="testcases.TC5_AddToCart"/>
      </group> <!-- Master -->
      <group name="Sanity">
        <method signature="TC2_Login.testLoginWithValidCredentials()[pri:0, instance:testcases.TC2_Login@2c95ac9e]" name="testLoginWithValidCredentials" class="testcases.TC2_Login"/>
        <method signature="TC3_Logout.testLogout()[pri:0, instance:testcases.TC3_Logout@4e4efc1b]" name="testLogout" class="testcases.TC3_Logout"/>
      </group> <!-- Sanity -->
      <group name="Regression">
        <method signature="TC1_Registration.testUserRegistration()[pri:0, instance:testcases.TC1_Registration@29876704]" name="testUserRegistration" class="testcases.TC1_Registration"/>
      </group> <!-- Regression -->
    </groups>
    <test started-at="2024-11-20T19:28:38 IST" name="windows-chrome" finished-at="2024-11-20T19:29:20 IST" duration-ms="42442">
      <class name="testcases.TC5_AddToCart">
        <test-method is-config="true" signature="setUp(java.lang.String,java.lang.String)[pri:0, instance:testcases.TC5_AddToCart@7cc586a8]" started-at="2024-11-20T19:29:10 IST" name="setUp" finished-at="2024-11-20T19:29:13 IST" duration-ms="2898" status="PASS">
          <params>
            <param index="0">
              <value>
                <![CDATA[windows]]>
              </value>
            </param>
            <param index="1">
              <value>
                <![CDATA[chrome]]>
              </value>
            </param>
          </params>
          <reporter-output>
          </reporter-output>
        </test-method> <!-- setUp -->
        <test-method signature="testAddToCart()[pri:0, instance:testcases.TC5_AddToCart@7cc586a8]" started-at="2024-11-20T19:29:13 IST" name="testAddToCart" finished-at="2024-11-20T19:29:20 IST" duration-ms="7072" status="PASS">
          <reporter-output>
          </reporter-output>
        </test-method> <!-- testAddToCart -->
        <test-method is-config="true" signature="tearDown()[pri:0, instance:testcases.TC5_AddToCart@7cc586a8]" started-at="2024-11-20T19:29:20 IST" name="tearDown" finished-at="2024-11-20T19:29:20 IST" duration-ms="307" status="PASS">
          <reporter-output>
          </reporter-output>
        </test-method> <!-- tearDown -->
      </class> <!-- testcases.TC5_AddToCart -->
      <class name="testcases.TC1_Registration">
        <test-method is-config="true" signature="setUp(java.lang.String,java.lang.String)[pri:0, instance:testcases.TC1_Registration@29876704]" started-at="2024-11-20T19:28:38 IST" name="setUp" finished-at="2024-11-20T19:28:41 IST" duration-ms="3005" status="PASS">
          <params>
            <param index="0">
              <value>
                <![CDATA[windows]]>
              </value>
            </param>
            <param index="1">
              <value>
                <![CDATA[chrome]]>
              </value>
            </param>
          </params>
          <reporter-output>
          </reporter-output>
        </test-method> <!-- setUp -->
        <test-method signature="testUserRegistration()[pri:0, instance:testcases.TC1_Registration@29876704]" started-at="2024-11-20T19:28:41 IST" name="testUserRegistration" finished-at="2024-11-20T19:28:47 IST" duration-ms="6049" status="PASS">
          <reporter-output>
          </reporter-output>
        </test-method> <!-- testUserRegistration -->
        <test-method is-config="true" signature="tearDown()[pri:0, instance:testcases.TC1_Registration@29876704]" started-at="2024-11-20T19:28:48 IST" name="tearDown" finished-at="2024-11-20T19:28:48 IST" duration-ms="307" status="PASS">
          <reporter-output>
          </reporter-output>
        </test-method> <!-- tearDown -->
      </class> <!-- testcases.TC1_Registration -->
      <class name="testcases.TC2_Login">
        <test-method is-config="true" signature="setUp(java.lang.String,java.lang.String)[pri:0, instance:testcases.TC2_Login@2c95ac9e]" started-at="2024-11-20T19:28:48 IST" name="setUp" finished-at="2024-11-20T19:28:50 IST" duration-ms="1864" status="PASS">
          <params>
            <param index="0">
              <value>
                <![CDATA[windows]]>
              </value>
            </param>
            <param index="1">
              <value>
                <![CDATA[chrome]]>
              </value>
            </param>
          </params>
          <reporter-output>
          </reporter-output>
        </test-method> <!-- setUp -->
        <test-method signature="testLoginWithValidCredentials()[pri:0, instance:testcases.TC2_Login@2c95ac9e]" started-at="2024-11-20T19:28:50 IST" name="testLoginWithValidCredentials" finished-at="2024-11-20T19:28:55 IST" duration-ms="4941" status="PASS">
          <reporter-output>
          </reporter-output>
        </test-method> <!-- testLoginWithValidCredentials -->
        <test-method is-config="true" signature="tearDown()[pri:0, instance:testcases.TC2_Login@2c95ac9e]" started-at="2024-11-20T19:28:55 IST" name="tearDown" finished-at="2024-11-20T19:28:55 IST" duration-ms="251" status="PASS">
          <reporter-output>
          </reporter-output>
        </test-method> <!-- tearDown -->
      </class> <!-- testcases.TC2_Login -->
      <class name="testcases.TC4_SearchProduct">
        <test-method is-config="true" signature="setUp(java.lang.String,java.lang.String)[pri:0, instance:testcases.TC4_SearchProduct@459f7aa3]" started-at="2024-11-20T19:29:04 IST" name="setUp" finished-at="2024-11-20T19:29:06 IST" duration-ms="2263" status="PASS">
          <params>
            <param index="0">
              <value>
                <![CDATA[windows]]>
              </value>
            </param>
            <param index="1">
              <value>
                <![CDATA[chrome]]>
              </value>
            </param>
          </params>
          <reporter-output>
          </reporter-output>
        </test-method> <!-- setUp -->
        <test-method signature="testProductSearch()[pri:0, instance:testcases.TC4_SearchProduct@459f7aa3]" started-at="2024-11-20T19:29:06 IST" name="testProductSearch" finished-at="2024-11-20T19:29:10 IST" duration-ms="3900" status="PASS">
          <reporter-output>
          </reporter-output>
        </test-method> <!-- testProductSearch -->
        <test-method is-config="true" signature="tearDown()[pri:0, instance:testcases.TC4_SearchProduct@459f7aa3]" started-at="2024-11-20T19:29:10 IST" name="tearDown" finished-at="2024-11-20T19:29:10 IST" duration-ms="279" status="PASS">
          <reporter-output>
          </reporter-output>
        </test-method> <!-- tearDown -->
      </class> <!-- testcases.TC4_SearchProduct -->
      <class name="testcases.TC3_Logout">
        <test-method is-config="true" signature="setUp(java.lang.String,java.lang.String)[pri:0, instance:testcases.TC3_Logout@4e4efc1b]" started-at="2024-11-20T19:28:55 IST" name="setUp" finished-at="2024-11-20T19:28:57 IST" duration-ms="1867" status="PASS">
          <params>
            <param index="0">
              <value>
                <![CDATA[windows]]>
              </value>
            </param>
            <param index="1">
              <value>
                <![CDATA[chrome]]>
              </value>
            </param>
          </params>
          <reporter-output>
          </reporter-output>
        </test-method> <!-- setUp -->
        <test-method signature="testLogout()[pri:0, instance:testcases.TC3_Logout@4e4efc1b]" started-at="2024-11-20T19:28:57 IST" name="testLogout" finished-at="2024-11-20T19:29:03 IST" duration-ms="6604" status="PASS">
          <reporter-output>
          </reporter-output>
        </test-method> <!-- testLogout -->
        <test-method is-config="true" signature="tearDown()[pri:0, instance:testcases.TC3_Logout@4e4efc1b]" started-at="2024-11-20T19:29:03 IST" name="tearDown" finished-at="2024-11-20T19:29:04 IST" duration-ms="228" status="PASS">
          <reporter-output>
          </reporter-output>
        </test-method> <!-- tearDown -->
      </class> <!-- testcases.TC3_Logout -->
    </test> <!-- windows-chrome -->
  </suite> <!-- TestSuite -->
</testng-results>
