<?xml version="1.0" encoding="UTF-8"?>
<testng-results ignored="0" total="1" passed="1" failed="0" skipped="0">
  <reporter-output>
  </reporter-output>
  <suite started-at="2024-11-22T15:16:26 IST" name="TestSuite" finished-at="2024-11-22T15:17:02 IST" duration-ms="36101">
    <groups>
      <group name="Master">
        <method signature="TC6_EndToEndTest.executeEndToEndTest()[pri:0, instance:testcases.TC6_EndToEndTest@59aa20b3]" name="executeEndToEndTest" class="testcases.TC6_EndToEndTest"/>
      </group> <!-- Master -->
    </groups>
    <test started-at="2024-11-22T15:16:26 IST" name="windows-chrome" finished-at="2024-11-22T15:17:02 IST" duration-ms="36101">
      <class name="testcases.TC6_EndToEndTest">
        <test-method is-config="true" signature="setUp(java.lang.String,java.lang.String)[pri:0, instance:testcases.TC6_EndToEndTest@59aa20b3]" started-at="2024-11-22T15:16:27 IST" name="setUp" finished-at="2024-11-22T15:16:43 IST" duration-ms="15919" status="PASS">
          <params>
            <param index="0">
              <value>
                <![CDATA[windows]]>
              </value>
            </param>
            <param index="1">
              <value>
                <![CDATA[chrome]]>
              </value>
            </param>
          </params>
          <reporter-output>
          </reporter-output>
        </test-method> <!-- setUp -->
        <test-method signature="executeEndToEndTest()[pri:0, instance:testcases.TC6_EndToEndTest@59aa20b3]" started-at="2024-11-22T15:16:43 IST" name="executeEndToEndTest" finished-at="2024-11-22T15:17:01 IST" duration-ms="18094" status="PASS">
          <reporter-output>
          </reporter-output>
        </test-method> <!-- executeEndToEndTest -->
        <test-method is-config="true" signature="tearDown()[pri:0, instance:testcases.TC6_EndToEndTest@59aa20b3]" started-at="2024-11-22T15:17:01 IST" name="tearDown" finished-at="2024-11-22T15:17:02 IST" duration-ms="1009" status="PASS">
          <reporter-output>
          </reporter-output>
        </test-method> <!-- tearDown -->
      </class> <!-- testcases.TC6_EndToEndTest -->
    </test> <!-- windows-chrome -->
  </suite> <!-- TestSuite -->
</testng-results>
