<?xml version="1.0" encoding="UTF-8"?>
<!-- Generated by org.testng.reporters.JUnitXMLReporter -->
<testsuite ignored="0" hostname="DESKTOP-SVHOJRM" failures="0" tests="5" name="windows-chrome" time="42.442" errors="0" timestamp="2024-11-20T19:29:22 IST">
  <testcase classname="testcases.TC1_Registration" name="testUserRegistration" time="6.049"/>
  <testcase classname="testcases.TC2_Login" name="testLoginWithValidCredentials" time="4.941"/>
  <testcase classname="testcases.TC3_Logout" name="testLogout" time="6.604"/>
  <testcase classname="testcases.TC4_SearchProduct" name="testProductSearch" time="3.9"/>
  <testcase classname="testcases.TC5_AddToCart" name="testAddToCart" time="7.072"/>
</testsuite> <!-- windows-chrome -->
